<?xml version="1.0" encoding="UTF-8"?>
<testsuite xmlns:xsi="http://www.w3.org/2001/XMLSchema-instance" xsi:noNamespaceSchemaLocation="https://maven.apache.org/surefire/maven-surefire-plugin/xsd/surefire-test-report-3.0.xsd" version="3.0" name="com.microservices.kitchen.service.KitchenQueueServiceImplTest" time="0.541" tests="28" errors="0" skipped="0" failures="0">
  <properties>
[...]
</properties>
  <testcase name="pickupOrder_withNullNotes_usesDefaultPickedUpMessage" classname="com.microservices.kitchen.service.KitchenQueueServiceImplTest" time="0.43">
    <system-out><![CDATA[2026-05-10T11:35:24.022+01:00  INFO 76561 --- [kitchen-service] [           main] c.m.k.service.KitchenQueueServiceImpl    : Order order-123 picked up → COMPLETED
]]></system-out>
  </testcase>
  <testcase name="serveOrder_whenOrderServiceFails_throws502" classname="com.microservices.kitchen.service.KitchenQueueServiceImplTest" time="0.028">
    <system-out><![CDATA[2026-05-10T11:35:24.049+01:00 ERROR 76561 --- [kitchen-service] [           main] c.m.k.service.KitchenQueueServiceImpl    : Failed to update order order-123 status to COMPLETED in order-service: Connection refused
]]></system-out>
  </testcase>
  <testcase name="acceptOrder_whenOrderNotFound_throws404" classname="com.microservices.kitchen.service.KitchenQueueServiceImplTest" time="0.003"/>
  <testcase name="enqueue_whenSaveFails_swallowsException" classname="com.microservices.kitchen.service.KitchenQueueServiceImplTest" time="0.007">
    <system-out><![CDATA[2026-05-10T11:35:24.064+01:00 ERROR 76561 --- [kitchen-service] [           main] c.m.k.service.KitchenQueueServiceImpl    : Failed to save kitchen order order-123: serialization error
2026-05-10T11:35:24.065+01:00 ERROR 76561 --- [kitchen-service] [           main] c.m.k.service.KitchenQueueServiceImpl    : Failed to enqueue order order-123: 500 INTERNAL_SERVER_ERROR "Redis write failed"

org.springframework.web.server.ResponseStatusException: 500 INTERNAL_SERVER_ERROR "Redis write failed"
	at com.microservices.kitchen.service.KitchenQueueServiceImpl.saveOrder(KitchenQueueServiceImpl.java:166) ~[classes/:na]
	at com.microservices.kitchen.service.KitchenQueueServiceImpl.enqueue(KitchenQueueServiceImpl.java:58) ~[classes/:na]
	at com.microservices.kitchen.service.KitchenQueueServiceImplTest.lambda$1(KitchenQueueServiceImplTest.java:86) ~[test-classes/:na]
	at org.assertj.core.api.ThrowableAssert.catchThrowable(ThrowableAssert.java:63) ~[assertj-core-3.24.2.jar:na]
	at org.assertj.core.api.AssertionsForClassTypes.catchThrowable(AssertionsForClassTypes.java:892) ~[assertj-core-3.24.2.jar:na]
	at org.assertj.core.api.AssertionsForClassTypes.assertThatCode(AssertionsForClassTypes.java:863) ~[assertj-core-3.24.2.jar:na]
	at org.assertj.core.api.Assertions.assertThatCode(Assertions.java:1287) ~[assertj-core-3.24.2.jar:na]
	at com.microservices.kitchen.service.KitchenQueueServiceImplTest.enqueue_whenSaveFails_swallowsException(KitchenQueueServiceImplTest.java:86) ~[test-classes/:na]
	at java.base/jdk.internal.reflect.DirectMethodHandleAccessor.invoke(DirectMethodHandleAccessor.java:104) ~[na:na]
	at java.base/java.lang.reflect.Method.invoke(Method.java:565) ~[na:na]
	at org.junit.platform.commons.util.ReflectionUtils.invokeMethod(ReflectionUtils.java:728) ~[junit-platform-commons-1.10.2.jar:1.10.2]
	at org.junit.jupiter.engine.execution.MethodInvocation.proceed(MethodInvocation.java:60) ~[junit-jupiter-engine-5.10.2.jar:5.10.2]
	at org.junit.jupiter.engine.execution.InvocationInterceptorChain$ValidatingInvocation.proceed(InvocationInterceptorChain.java:131) ~[junit-jupiter-engine-5.10.2.jar:5.10.2]
	at org.junit.jupiter.engine.extension.TimeoutExtension.intercept(TimeoutExtension.java:156) ~[junit-jupiter-engine-5.10.2.jar:5.10.2]
	at org.junit.jupiter.engine.extension.TimeoutExtension.interceptTestableMethod(TimeoutExtension.java:147) ~[junit-jupiter-engine-5.10.2.jar:5.10.2]
	at org.junit.jupiter.engine.extension.TimeoutExtension.interceptTestMethod(TimeoutExtension.java:86) ~[junit-jupiter-engine-5.10.2.jar:5.10.2]
	at org.junit.jupiter.engine.execution.InterceptingExecutableInvoker$ReflectiveInterceptorCall.lambda$ofVoidMethod$0(InterceptingExecutableInvoker.java:103) ~[junit-jupiter-engine-5.10.2.jar:5.10.2]
	at org.junit.jupiter.engine.execution.InterceptingExecutableInvoker.lambda$invoke$0(InterceptingExecutableInvoker.java:93) ~[junit-jupiter-engine-5.10.2.jar:5.10.2]
	at org.junit.jupiter.engine.execution.InvocationInterceptorChain$InterceptedInvocation.proceed(InvocationInterceptorChain.java:106) ~[junit-jupiter-engine-5.10.2.jar:5.10.2]
	at org.junit.jupiter.engine.execution.InvocationInterceptorChain.proceed(InvocationInterceptorChain.java:64) ~[junit-jupiter-engine-5.10.2.jar:5.10.2]
	at org.junit.jupiter.engine.execution.InvocationInterceptorChain.chainAndInvoke(InvocationInterceptorChain.java:45) ~[junit-jupiter-engine-5.10.2.jar:5.10.2]
	at org.junit.jupiter.engine.execution.InvocationInterceptorChain.invoke(InvocationInterceptorChain.java:37) ~[junit-jupiter-engine-5.10.2.jar:5.10.2]
	at org.junit.jupiter.engine.execution.InterceptingExecutableInvoker.invoke(InterceptingExecutableInvoker.java:92) ~[junit-jupiter-engine-5.10.2.jar:5.10.2]
	at org.junit.jupiter.engine.execution.InterceptingExecutableInvoker.invoke(InterceptingExecutableInvoker.java:86) ~[junit-jupiter-engine-5.10.2.jar:5.10.2]
	at org.junit.jupiter.engine.descriptor.TestMethodTestDescriptor.lambda$invokeTestMethod$7(TestMethodTestDescriptor.java:218) ~[junit-jupiter-engine-5.10.2.jar:5.10.2]
	at org.junit.platform.engine.support.hierarchical.ThrowableCollector.execute(ThrowableCollector.java:73) ~[junit-platform-engine-1.10.2.jar:1.10.2]
	at org.junit.jupiter.engine.descriptor.TestMethodTestDescriptor.invokeTestMethod(TestMethodTestDescriptor.java:214) ~[junit-jupiter-engine-5.10.2.jar:5.10.2]
	at org.junit.jupiter.engine.descriptor.TestMethodTestDescriptor.execute(TestMethodTestDescriptor.java:139) ~[junit-jupiter-engine-5.10.2.jar:5.10.2]
	at org.junit.jupiter.engine.descriptor.TestMethodTestDescriptor.execute(TestMethodTestDescriptor.java:69) ~[junit-jupiter-engine-5.10.2.jar:5.10.2]
	at org.junit.platform.engine.support.hierarchical.NodeTestTask.lambda$executeRecursively$6(NodeTestTask.java:151) ~[junit-platform-engine-1.10.2.jar:1.10.2]
	at org.junit.platform.engine.support.hierarchical.ThrowableCollector.execute(ThrowableCollector.java:73) ~[junit-platform-engine-1.10.2.jar:1.10.2]
	at org.junit.platform.engine.support.hierarchical.NodeTestTask.lambda$executeRecursively$8(NodeTestTask.java:141) ~[junit-platform-engine-1.10.2.jar:1.10.2]
	at org.junit.platform.engine.support.hierarchical.Node.around(Node.java:137) ~[junit-platform-engine-1.10.2.jar:1.10.2]
	at org.junit.platform.engine.support.hierarchical.NodeTestTask.lambda$executeRecursively$9(NodeTestTask.java:139) ~[junit-platform-engine-1.10.2.jar:1.10.2]
	at org.junit.platform.engine.support.hierarchical.ThrowableCollector.execute(ThrowableCollector.java:73) ~[junit-platform-engine-1.10.2.jar:1.10.2]
	at org.junit.platform.engine.support.hierarchical.NodeTestTask.executeRecursively(NodeTestTask.java:138) ~[junit-platform-engine-1.10.2.jar:1.10.2]
	at org.junit.platform.engine.support.hierarchical.NodeTestTask.execute(NodeTestTask.java:95) ~[junit-platform-engine-1.10.2.jar:1.10.2]
	at java.base/java.util.ArrayList.forEach(ArrayList.java:1604) ~[na:na]
	at org.junit.platform.engine.support.hierarchical.SameThreadHierarchicalTestExecutorService.invokeAll(SameThreadHierarchicalTestExecutorService.java:41) ~[junit-platform-engine-1.10.2.jar:1.10.2]
	at org.junit.platform.engine.support.hierarchical.NodeTestTask.lambda$executeRecursively$6(NodeTestTask.java:155) ~[junit-platform-engine-1.10.2.jar:1.10.2]
	at org.junit.platform.engine.support.hierarchical.ThrowableCollector.execute(ThrowableCollector.java:73) ~[junit-platform-engine-1.10.2.jar:1.10.2]
	at org.junit.platform.engine.support.hierarchical.NodeTestTask.lambda$executeRecursively$8(NodeTestTask.java:141) ~[junit-platform-engine-1.10.2.jar:1.10.2]
	at org.junit.platform.engine.support.hierarchical.Node.around(Node.java:137) ~[junit-platform-engine-1.10.2.jar:1.10.2]
	at org.junit.platform.engine.support.hierarchical.NodeTestTask.lambda$executeRecursively$9(NodeTestTask.java:139) ~[junit-platform-engine-1.10.2.jar:1.10.2]
	at org.junit.platform.engine.support.hierarchical.ThrowableCollector.execute(ThrowableCollector.java:73) ~[junit-platform-engine-1.10.2.jar:1.10.2]
	at org.junit.platform.engine.support.hierarchical.NodeTestTask.executeRecursively(NodeTestTask.java:138) ~[junit-platform-engine-1.10.2.jar:1.10.2]
	at org.junit.platform.engine.support.hierarchical.NodeTestTask.execute(NodeTestTask.java:95) ~[junit-platform-engine-1.10.2.jar:1.10.2]
	at java.base/java.util.ArrayList.forEach(ArrayList.java:1604) ~[na:na]
	at org.junit.platform.engine.support.hierarchical.SameThreadHierarchicalTestExecutorService.invokeAll(SameThreadHierarchicalTestExecutorService.java:41) ~[junit-platform-engine-1.10.2.jar:1.10.2]
	at org.junit.platform.engine.support.hierarchical.NodeTestTask.lambda$executeRecursively$6(NodeTestTask.java:155) ~[junit-platform-engine-1.10.2.jar:1.10.2]
	at org.junit.platform.engine.support.hierarchical.ThrowableCollector.execute(ThrowableCollector.java:73) ~[junit-platform-engine-1.10.2.jar:1.10.2]
	at org.junit.platform.engine.support.hierarchical.NodeTestTask.lambda$executeRecursively$8(NodeTestTask.java:141) ~[junit-platform-engine-1.10.2.jar:1.10.2]
	at org.junit.platform.engine.support.hierarchical.Node.around(Node.java:137) ~[junit-platform-engine-1.10.2.jar:1.10.2]
	at org.junit.platform.engine.support.hierarchical.NodeTestTask.lambda$executeRecursively$9(NodeTestTask.java:139) ~[junit-platform-engine-1.10.2.jar:1.10.2]
	at org.junit.platform.engine.support.hierarchical.ThrowableCollector.execute(ThrowableCollector.java:73) ~[junit-platform-engine-1.10.2.jar:1.10.2]
	at org.junit.platform.engine.support.hierarchical.NodeTestTask.executeRecursively(NodeTestTask.java:138) ~[junit-platform-engine-1.10.2.jar:1.10.2]
	at org.junit.platform.engine.support.hierarchical.NodeTestTask.execute(NodeTestTask.java:95) ~[junit-platform-engine-1.10.2.jar:1.10.2]
	at org.junit.platform.engine.support.hierarchical.SameThreadHierarchicalTestExecutorService.submit(SameThreadHierarchicalTestExecutorService.java:35) ~[junit-platform-engine-1.10.2.jar:1.10.2]
	at org.junit.platform.engine.support.hierarchical.HierarchicalTestExecutor.execute(HierarchicalTestExecutor.java:57) ~[junit-platform-engine-1.10.2.jar:1.10.2]
	at org.junit.platform.engine.support.hierarchical.HierarchicalTestEngine.execute(HierarchicalTestEngine.java:54) ~[junit-platform-engine-1.10.2.jar:1.10.2]
	at org.junit.platform.launcher.core.EngineExecutionOrchestrator.execute(EngineExecutionOrchestrator.java:198) ~[junit-platform-launcher-1.10.2.jar:1.10.2]
	at org.junit.platform.launcher.core.EngineExecutionOrchestrator.execute(EngineExecutionOrchestrator.java:169) ~[junit-platform-launcher-1.10.2.jar:1.10.2]
	at org.junit.platform.launcher.core.EngineExecutionOrchestrator.execute(EngineExecutionOrchestrator.java:93) ~[junit-platform-launcher-1.10.2.jar:1.10.2]
	at org.junit.platform.launcher.core.EngineExecutionOrchestrator.lambda$execute$0(EngineExecutionOrchestrator.java:58) ~[junit-platform-launcher-1.10.2.jar:1.10.2]
	at org.junit.platform.launcher.core.EngineExecutionOrchestrator.withInterceptedStreams(EngineExecutionOrchestrator.java:141) ~[junit-platform-launcher-1.10.2.jar:1.10.2]
	at org.junit.platform.launcher.core.EngineExecutionOrchestrator.execute(EngineExecutionOrchestrator.java:57) ~[junit-platform-launcher-1.10.2.jar:1.10.2]
	at org.junit.platform.launcher.core.DefaultLauncher.execute(DefaultLauncher.java:103) ~[junit-platform-launcher-1.10.2.jar:1.10.2]
	at org.junit.platform.launcher.core.DefaultLauncher.execute(DefaultLauncher.java:85) ~[junit-platform-launcher-1.10.2.jar:1.10.2]
	at org.junit.platform.launcher.core.DelegatingLauncher.execute(DelegatingLauncher.java:47) ~[junit-platform-launcher-1.10.2.jar:1.10.2]
	at org.apache.maven.surefire.junitplatform.LazyLauncher.execute(LazyLauncher.java:56) ~[surefire-junit-platform-3.1.2.jar:3.1.2]
	at org.apache.maven.surefire.junitplatform.JUnitPlatformProvider.execute(JUnitPlatformProvider.java:184) ~[surefire-junit-platform-3.1.2.jar:3.1.2]
	at org.apache.maven.surefire.junitplatform.JUnitPlatformProvider.invokeAllTests(JUnitPlatformProvider.java:148) ~[surefire-junit-platform-3.1.2.jar:3.1.2]
	at org.apache.maven.surefire.junitplatform.JUnitPlatformProvider.invoke(JUnitPlatformProvider.java:122) ~[surefire-junit-platform-3.1.2.jar:3.1.2]
	at org.apache.maven.surefire.booter.ForkedBooter.runSuitesInProcess(ForkedBooter.java:385) ~[surefire-booter-3.1.2.jar:3.1.2]
	at org.apache.maven.surefire.booter.ForkedBooter.execute(ForkedBooter.java:162) ~[surefire-booter-3.1.2.jar:3.1.2]
	at org.apache.maven.surefire.booter.ForkedBooter.run(ForkedBooter.java:507) ~[surefire-booter-3.1.2.jar:3.1.2]
	at org.apache.maven.surefire.booter.ForkedBooter.main(ForkedBooter.java:495) ~[surefire-booter-3.1.2.jar:3.1.2]

]]></system-out>
  </testcase>
  <testcase name="getQueue_skipsOrderThatCannotBeDeserialized" classname="com.microservices.kitchen.service.KitchenQueueServiceImplTest" time="0.007">
    <system-out><![CDATA[2026-05-10T11:35:24.071+01:00  WARN 76561 --- [kitchen-service] [           main] c.m.k.service.KitchenQueueServiceImpl    : Could not deserialize order bad-order: parse error
]]></system-out>
  </testcase>
  <testcase name="enqueue_storesOrderInRedisAndAddsToReceivedZSet" classname="com.microservices.kitchen.service.KitchenQueueServiceImplTest" time="0.003">
    <system-out><![CDATA[2026-05-10T11:35:24.077+01:00  INFO 76561 --- [kitchen-service] [           main] c.m.k.service.KitchenQueueServiceImpl    : Enqueued order order-123 for branch branch-456
]]></system-out>
  </testcase>
  <testcase name="updateStatus_throws_forUnknownOrderId" classname="com.microservices.kitchen.service.KitchenQueueServiceImplTest" time="0.002"/>
  <testcase name="markReady_movesOrderToReadyAndNotifiesOrderService" classname="com.microservices.kitchen.service.KitchenQueueServiceImplTest" time="0.005">
    <system-out><![CDATA[2026-05-10T11:35:24.083+01:00  INFO 76561 --- [kitchen-service] [           main] c.m.k.service.KitchenQueueServiceImpl    : Order order-123 marked → READY
]]></system-out>
  </testcase>
  <testcase name="getOrderFromQueue_throws_ResourceNotFoundException_forUnknownOrderId" classname="com.microservices.kitchen.service.KitchenQueueServiceImplTest" time="0.002"/>
  <testcase name="markReady_whenOrderNotFound_throws404" classname="com.microservices.kitchen.service.KitchenQueueServiceImplTest" time="0.002"/>
  <testcase name="getQueue_whenZSetReturnsNull_returnsEmptyLists" classname="com.microservices.kitchen.service.KitchenQueueServiceImplTest" time="0.002"/>
  <testcase name="acceptOrder_withNullStaffId_fallsBackToKitchenDefault" classname="com.microservices.kitchen.service.KitchenQueueServiceImplTest" time="0.003">
    <system-out><![CDATA[2026-05-10T11:35:24.095+01:00  INFO 76561 --- [kitchen-service] [           main] c.m.k.service.KitchenQueueServiceImpl    : Order order-123 accepted → PREPARING
]]></system-out>
  </testcase>
  <testcase name="acceptOrder_movesOrderToPreparingAndNotifiesOrderService" classname="com.microservices.kitchen.service.KitchenQueueServiceImplTest" time="0.003">
    <system-out><![CDATA[2026-05-10T11:35:24.098+01:00  INFO 76561 --- [kitchen-service] [           main] c.m.k.service.KitchenQueueServiceImpl    : Order order-123 accepted → PREPARING
]]></system-out>
  </testcase>
  <testcase name="markReady_whenOrderIsReceived_throws409" classname="com.microservices.kitchen.service.KitchenQueueServiceImplTest" time="0.002"/>
  <testcase name="serveOrder_whenOrderIsPreparing_throws409" classname="com.microservices.kitchen.service.KitchenQueueServiceImplTest" time="0.002"/>
  <testcase name="pickupOrder_whenOrderIsReceived_throws409" classname="com.microservices.kitchen.service.KitchenQueueServiceImplTest" time="0.002"/>
  <testcase name="pickupOrder_removesOrderFromQueueAndBroadcastsCompleted" classname="com.microservices.kitchen.service.KitchenQueueServiceImplTest" time="0.002">
    <system-out><![CDATA[2026-05-10T11:35:24.108+01:00  INFO 76561 --- [kitchen-service] [           main] c.m.k.service.KitchenQueueServiceImpl    : Order order-123 picked up → COMPLETED
]]></system-out>
  </testcase>
  <testcase name="getQueue_returnsOrdersGroupedByStatus" classname="com.microservices.kitchen.service.KitchenQueueServiceImplTest" time="0.004"/>
  <testcase name="acceptOrder_throws_forInvalidStatusTransition" classname="com.microservices.kitchen.service.KitchenQueueServiceImplTest" time="0.003"/>
  <testcase name="acceptOrder_whenOrderAlreadyPreparing_throws409" classname="com.microservices.kitchen.service.KitchenQueueServiceImplTest" time="0.002"/>
  <testcase name="enqueue_withNullItems_stillSucceeds" classname="com.microservices.kitchen.service.KitchenQueueServiceImplTest" time="0.002">
    <system-out><![CDATA[2026-05-10T11:35:24.120+01:00  INFO 76561 --- [kitchen-service] [           main] c.m.k.service.KitchenQueueServiceImpl    : Enqueued order order-123 for branch branch-456
]]></system-out>
  </testcase>
  <testcase name="serveOrder_removesOrderFromQueueAndBroadcastsCompleted" classname="com.microservices.kitchen.service.KitchenQueueServiceImplTest" time="0.003">
    <system-out><![CDATA[2026-05-10T11:35:24.122+01:00  INFO 76561 --- [kitchen-service] [           main] c.m.k.service.KitchenQueueServiceImpl    : Order order-123 served → COMPLETED
]]></system-out>
  </testcase>
  <testcase name="markReady_whenOrderServiceFails_throws502" classname="com.microservices.kitchen.service.KitchenQueueServiceImplTest" time="0.003">
    <system-out><![CDATA[2026-05-10T11:35:24.126+01:00 ERROR 76561 --- [kitchen-service] [           main] c.m.k.service.KitchenQueueServiceImpl    : Failed to update order order-123 status to READY in order-service: timeout
]]></system-out>
  </testcase>
  <testcase name="serveOrder_whenOrderNotFound_throws404" classname="com.microservices.kitchen.service.KitchenQueueServiceImplTest" time="0.002"/>
  <testcase name="serveOrder_withNullNotes_usesDefaultServedMessage" classname="com.microservices.kitchen.service.KitchenQueueServiceImplTest" time="0.002">
    <system-out><![CDATA[2026-05-10T11:35:24.129+01:00  INFO 76561 --- [kitchen-service] [           main] c.m.k.service.KitchenQueueServiceImpl    : Order order-123 served → COMPLETED
]]></system-out>
  </testcase>
  <testcase name="pickupOrder_whenOrderNotFound_throws404" classname="com.microservices.kitchen.service.KitchenQueueServiceImplTest" time="0.002"/>
  <testcase name="acceptOrder_whenOrderServiceFails_throws502" classname="com.microservices.kitchen.service.KitchenQueueServiceImplTest" time="0.002">
    <system-out><![CDATA[2026-05-10T11:35:24.134+01:00 ERROR 76561 --- [kitchen-service] [           main] c.m.k.service.KitchenQueueServiceImpl    : Failed to update order order-123 status to PREPARING in order-service: Connection refused
]]></system-out>
  </testcase>
  <testcase name="pickupOrder_whenOrderServiceFails_throws502" classname="com.microservices.kitchen.service.KitchenQueueServiceImplTest" time="0.002">
    <system-out><![CDATA[2026-05-10T11:35:24.137+01:00 ERROR 76561 --- [kitchen-service] [           main] c.m.k.service.KitchenQueueServiceImpl    : Failed to update order order-123 status to COMPLETED in order-service: timeout
]]></system-out>
  </testcase>
</testsuite>