<?xml version="1.0" encoding="UTF-8"?>
<testsuite xmlns:xsi="http://www.w3.org/2001/XMLSchema-instance" xsi:noNamespaceSchemaLocation="https://maven.apache.org/surefire/maven-surefire-plugin/xsd/surefire-test-report-3.0.xsd" version="3.0" name="com.microservices.kitchen.KitchenServiceApplicationTests" time="1.647" tests="1" errors="0" skipped="0" failures="0">
  <properties>
[...]
</properties>
  <testcase name="contextLoads" classname="com.microservices.kitchen.KitchenServiceApplicationTests" time="0.003">
    <system-out><![CDATA[2026-05-10T11:35:24.140+01:00  INFO 76561 --- [kitchen-service] [           main] t.c.s.AnnotationConfigContextLoaderUtils : Could not detect default configuration classes for test class [com.microservices.kitchen.KitchenServiceApplicationTests]: KitchenServiceApplicationTests does not declare any static, non-private, non-final, nested classes annotated with @Configuration.
2026-05-10T11:35:24.145+01:00  INFO 76561 --- [kitchen-service] [           main] .b.t.c.SpringBootTestContextBootstrapper : Found @SpringBootConfiguration com.microservices.kitchen.KitchenServiceApplication for test class com.microservices.kitchen.KitchenServiceApplicationTests

  .   ____          _            __ _ _
 /\\ / ___'_ __ _ _(_)_ __  __ _ \ \ \ \
( ( )\___ | '_ | '_| | '_ \/ _` | \ \ \ \
 \\/  ___)| |_)| | | | | || (_| |  ) ) ) )
  '  |____| .__|_| |_|_| |_\__, | / / / /
 =========|_|==============|___/=/_/_/_/
 :: Spring Boot ::                (v3.2.3)

2026-05-10T11:35:24.315+01:00  INFO 76561 --- [kitchen-service] [           main] c.m.k.KitchenServiceApplicationTests     : Starting KitchenServiceApplicationTests using Java 25.0.2 with PID 76561 (started by ubaydah in /Users/ubaydah/Desktop/kitchen-service)
2026-05-10T11:35:24.315+01:00 DEBUG 76561 --- [kitchen-service] [           main] c.m.k.KitchenServiceApplicationTests     : Running with Spring Boot v3.2.3, Spring v6.1.4
2026-05-10T11:35:24.315+01:00  INFO 76561 --- [kitchen-service] [           main] c.m.k.KitchenServiceApplicationTests     : No active profile set, falling back to 1 default profile: "default"
2026-05-10T11:35:24.316+01:00  INFO 76561 --- [kitchen-service] [           main] o.s.c.c.c.ConfigServerConfigDataLoader   : Fetching config from server at : http://localhost:8888
2026-05-10T11:35:24.316+01:00  INFO 76561 --- [kitchen-service] [           main] o.s.c.c.c.ConfigServerConfigDataLoader   : Located environment: name=kitchen-service, profiles=[default], label=null, version=null, state=null
2026-05-10T11:35:24.633+01:00  INFO 76561 --- [kitchen-service] [           main] .s.d.r.c.RepositoryConfigurationDelegate : Multiple Spring Data modules found, entering strict repository configuration mode
2026-05-10T11:35:24.634+01:00  INFO 76561 --- [kitchen-service] [           main] .s.d.r.c.RepositoryConfigurationDelegate : Bootstrapping Spring Data Redis repositories in DEFAULT mode.
2026-05-10T11:35:24.646+01:00  INFO 76561 --- [kitchen-service] [           main] .s.d.r.c.RepositoryConfigurationDelegate : Finished Spring Data repository scanning in 4 ms. Found 0 Redis repository interfaces.
2026-05-10T11:35:24.740+01:00  INFO 76561 --- [kitchen-service] [           main] o.s.cloud.context.scope.GenericScope     : BeanFactory id=69edbd9f-3744-320c-86d7-c638e5761a0f
2026-05-10T11:35:24.781+01:00  WARN 76561 --- [kitchen-service] [           main] trationDelegate$BeanPostProcessorChecker : Bean 'org.springframework.cloud.client.loadbalancer.LoadBalancerAutoConfiguration$DeferringLoadBalancerInterceptorConfig' of type [org.springframework.cloud.client.loadbalancer.LoadBalancerAutoConfiguration$DeferringLoadBalancerInterceptorConfig] is not eligible for getting processed by all BeanPostProcessors (for example: not eligible for auto-proxying). The currently created BeanPostProcessor [lbRestClientPostProcessor] is declared through a non-static factory method on that class; consider declaring it as static instead.
2026-05-10T11:35:24.781+01:00  WARN 76561 --- [kitchen-service] [           main] trationDelegate$BeanPostProcessorChecker : Bean 'deferringLoadBalancerInterceptor' of type [org.springframework.cloud.client.loadbalancer.DeferringLoadBalancerInterceptor] is not eligible for getting processed by all BeanPostProcessors (for example: not eligible for auto-proxying). Is this bean getting eagerly injected into a currently created BeanPostProcessor [lbRestClientPostProcessor]? Check the corresponding BeanPostProcessor declaration and its dependencies.
2026-05-10T11:35:25.423+01:00  INFO 76561 --- [kitchen-service] [           main] DiscoveryClientOptionalArgsConfiguration : Eureka HTTP Client uses RestTemplate.
2026-05-10T11:35:25.447+01:00  WARN 76561 --- [kitchen-service] [           main] iguration$LoadBalancerCaffeineWarnLogger : Spring Cloud LoadBalancer is currently working with the default cache. While this cache implementation is useful for development and tests, it's recommended to use Caffeine cache in production.You can switch to using Caffeine cache, by adding it and org.springframework.cache.caffeine.CaffeineCacheManager to the classpath.
2026-05-10T11:35:25.451+01:00  INFO 76561 --- [kitchen-service] [           main] o.s.b.a.e.web.EndpointLinksResolver      : Exposing 3 endpoint(s) beneath base path '/actuator'
2026-05-10T11:35:25.498+01:00  INFO 76561 --- [kitchen-service] [           main] o.s.c.n.eureka.InstanceInfoFactory       : Setting initial instance status as: STARTING
2026-05-10T11:35:25.508+01:00  INFO 76561 --- [kitchen-service] [           main] com.netflix.discovery.DiscoveryClient    : Initializing Eureka in region us-east-1
2026-05-10T11:35:25.510+01:00  INFO 76561 --- [kitchen-service] [           main] c.n.d.s.r.aws.ConfigClusterResolver      : Resolving eureka endpoints via configuration
2026-05-10T11:35:25.514+01:00  INFO 76561 --- [kitchen-service] [           main] com.netflix.discovery.DiscoveryClient    : Disable delta property : false
2026-05-10T11:35:25.514+01:00  INFO 76561 --- [kitchen-service] [           main] com.netflix.discovery.DiscoveryClient    : Single vip registry refresh property : null
2026-05-10T11:35:25.514+01:00  INFO 76561 --- [kitchen-service] [           main] com.netflix.discovery.DiscoveryClient    : Force full registry fetch : false
2026-05-10T11:35:25.514+01:00  INFO 76561 --- [kitchen-service] [           main] com.netflix.discovery.DiscoveryClient    : Application is null : false
2026-05-10T11:35:25.514+01:00  INFO 76561 --- [kitchen-service] [           main] com.netflix.discovery.DiscoveryClient    : Registered Applications size is zero : true
2026-05-10T11:35:25.514+01:00  INFO 76561 --- [kitchen-service] [           main] com.netflix.discovery.DiscoveryClient    : Application version is -1: true
2026-05-10T11:35:25.514+01:00  INFO 76561 --- [kitchen-service] [           main] com.netflix.discovery.DiscoveryClient    : Getting all instance registry info from the eureka server
2026-05-10T11:35:25.652+01:00  INFO 76561 --- [kitchen-service] [           main] com.netflix.discovery.DiscoveryClient    : The response status is 200
2026-05-10T11:35:25.653+01:00  INFO 76561 --- [kitchen-service] [           main] com.netflix.discovery.DiscoveryClient    : Starting heartbeat executor: renew interval is: 30
2026-05-10T11:35:25.654+01:00  INFO 76561 --- [kitchen-service] [           main] c.n.discovery.InstanceInfoReplicator     : InstanceInfoReplicator onDemand update allowed rate per min is 4
2026-05-10T11:35:25.654+01:00  INFO 76561 --- [kitchen-service] [           main] com.netflix.discovery.DiscoveryClient    : Discovery Client initialized at timestamp 1778409325654 with initial instances count: 8
2026-05-10T11:35:25.656+01:00  INFO 76561 --- [kitchen-service] [           main] o.s.c.n.e.s.EurekaServiceRegistry        : Registering application KITCHEN-SERVICE with eureka with status UP
2026-05-10T11:35:25.656+01:00  INFO 76561 --- [kitchen-service] [           main] com.netflix.discovery.DiscoveryClient    : Saw local status change event StatusChangeEvent [timestamp=1778409325656, current=UP, previous=STARTING]
2026-05-10T11:35:25.657+01:00  INFO 76561 --- [kitchen-service] [foReplicator-%d] com.netflix.discovery.DiscoveryClient    : DiscoveryClient_KITCHEN-SERVICE/192.168.100.45:kitchen-service:8084: registering service...
2026-05-10T11:35:25.670+01:00  INFO 76561 --- [kitchen-service] [foReplicator-%d] com.netflix.discovery.DiscoveryClient    : DiscoveryClient_KITCHEN-SERVICE/192.168.100.45:kitchen-service:8084 - registration status: 204
2026-05-10T11:35:25.678+01:00  INFO 76561 --- [kitchen-service] [           main] o.a.k.clients.consumer.ConsumerConfig    : ConsumerConfig values: 
	allow.auto.create.topics = true
	auto.commit.interval.ms = 5000
	auto.include.jmx.reporter = true
	auto.offset.reset = earliest
	bootstrap.servers = [localhost:9092]
	check.crcs = true
	client.dns.lookup = use_all_dns_ips
	client.id = consumer-kitchen-service-group-1
	client.rack = 
	connections.max.idle.ms = 540000
	default.api.timeout.ms = 60000
	enable.auto.commit = false
	exclude.internal.topics = true
	fetch.max.bytes = 52428800
	fetch.max.wait.ms = 500
	fetch.min.bytes = 1
	group.id = kitchen-service-group
	group.instance.id = null
	heartbeat.interval.ms = 3000
	interceptor.classes = []
	internal.leave.group.on.close = true
	internal.throw.on.fetch.stable.offset.unsupported = false
	isolation.level = read_uncommitted
	key.deserializer = class org.apache.kafka.common.serialization.StringDeserializer
	max.partition.fetch.bytes = 1048576
	max.poll.interval.ms = 300000
	max.poll.records = 500
	metadata.max.age.ms = 300000
	metric.reporters = []
	metrics.num.samples = 2
	metrics.recording.level = INFO
	metrics.sample.window.ms = 30000
	partition.assignment.strategy = [class org.apache.kafka.clients.consumer.RangeAssignor, class org.apache.kafka.clients.consumer.CooperativeStickyAssignor]
	receive.buffer.bytes = 65536
	reconnect.backoff.max.ms = 1000
	reconnect.backoff.ms = 50
	request.timeout.ms = 30000
	retry.backoff.ms = 100
	sasl.client.callback.handler.class = null
	sasl.jaas.config = [hidden]
	sasl.kerberos.kinit.cmd = /usr/bin/kinit
	sasl.kerberos.min.time.before.relogin = 60000
	sasl.kerberos.service.name = null
	sasl.kerberos.ticket.renew.jitter = 0.05
	sasl.kerberos.ticket.renew.window.factor = 0.8
	sasl.login.callback.handler.class = null
	sasl.login.class = null
	sasl.login.connect.timeout.ms = null
	sasl.login.read.timeout.ms = null
	sasl.login.refresh.buffer.seconds = 300
	sasl.login.refresh.min.period.seconds = 60
	sasl.login.refresh.window.factor = 0.8
	sasl.login.refresh.window.jitter = 0.05
	sasl.login.retry.backoff.max.ms = 10000
	sasl.login.retry.backoff.ms = 100
	sasl.mechanism = PLAIN
	sasl.oauthbearer.clock.skew.seconds = 30
	sasl.oauthbearer.expected.audience = null
	sasl.oauthbearer.expected.issuer = null
	sasl.oauthbearer.jwks.endpoint.refresh.ms = 3600000
	sasl.oauthbearer.jwks.endpoint.retry.backoff.max.ms = 10000
	sasl.oauthbearer.jwks.endpoint.retry.backoff.ms = 100
	sasl.oauthbearer.jwks.endpoint.url = null
	sasl.oauthbearer.scope.claim.name = scope
	sasl.oauthbearer.sub.claim.name = sub
	sasl.oauthbearer.token.endpoint.url = null
	security.protocol = PLAINTEXT
	security.providers = null
	send.buffer.bytes = 131072
	session.timeout.ms = 45000
	socket.connection.setup.timeout.max.ms = 30000
	socket.connection.setup.timeout.ms = 10000
	ssl.cipher.suites = null
	ssl.enabled.protocols = [TLSv1.2, TLSv1.3]
	ssl.endpoint.identification.algorithm = https
	ssl.engine.factory.class = null
	ssl.key.password = null
	ssl.keymanager.algorithm = SunX509
	ssl.keystore.certificate.chain = null
	ssl.keystore.key = null
	ssl.keystore.location = null
	ssl.keystore.password = null
	ssl.keystore.type = JKS
	ssl.protocol = TLSv1.3
	ssl.provider = null
	ssl.secure.random.implementation = null
	ssl.trustmanager.algorithm = PKIX
	ssl.truststore.certificates = null
	ssl.truststore.location = null
	ssl.truststore.password = null
	ssl.truststore.type = JKS
	value.deserializer = class org.apache.kafka.common.serialization.StringDeserializer

2026-05-10T11:35:25.751+01:00  INFO 76561 --- [kitchen-service] [           main] o.a.k.clients.consumer.ConsumerConfig    : These configurations '[sasl.jaas.config]' were supplied but are not used yet.
2026-05-10T11:35:25.752+01:00  INFO 76561 --- [kitchen-service] [           main] o.a.kafka.common.utils.AppInfoParser     : Kafka version: 3.6.1
2026-05-10T11:35:25.752+01:00  INFO 76561 --- [kitchen-service] [           main] o.a.kafka.common.utils.AppInfoParser     : Kafka commitId: 5e3c2b738d253ff5
2026-05-10T11:35:25.752+01:00  INFO 76561 --- [kitchen-service] [           main] o.a.kafka.common.utils.AppInfoParser     : Kafka startTimeMs: 1778409325751
2026-05-10T11:35:25.757+01:00  INFO 76561 --- [kitchen-service] [           main] fkaConsumerFactory$ExtendedKafkaConsumer : [Consumer clientId=consumer-kitchen-service-group-1, groupId=kitchen-service-group] Subscribed to topic(s): order.received
2026-05-10T11:35:25.761+01:00  INFO 76561 --- [kitchen-service] [           main] o.s.m.s.b.SimpleBrokerMessageHandler     : Starting...
2026-05-10T11:35:25.761+01:00  INFO 76561 --- [kitchen-service] [           main] o.s.m.s.b.SimpleBrokerMessageHandler     : BrokerAvailabilityEvent[available=true, SimpleBrokerMessageHandler [org.springframework.messaging.simp.broker.DefaultSubscriptionRegistry@5c10216f]]
2026-05-10T11:35:25.761+01:00  INFO 76561 --- [kitchen-service] [           main] o.s.m.s.b.SimpleBrokerMessageHandler     : Started.
2026-05-10T11:35:25.779+01:00  INFO 76561 --- [kitchen-service] [           main] c.m.k.KitchenServiceApplicationTests     : Started KitchenServiceApplicationTests in 1.631 seconds (process running for 4.154)
]]></system-out>
  </testcase>
</testsuite>